[2018-08-24 10:09:56] laravel.EMERGENCY: Unable to create configured logger. Using emergency logger. {"exception":"[object] (InvalidArgumentException(code: 0): Log [] is not defined. at D:\\Code\\GIT\\dhcd.vnedutech.vn\\vendor\\laravel\\framework\\src\\Illuminate\\Log\\LogManager.php:181)
[stacktrace]
#0 D:\\Code\\GIT\\dhcd.vnedutech.vn\\vendor\\laravel\\framework\\src\\Illuminate\\Log\\LogManager.php(115): Illuminate\\Log\\LogManager->resolve(NULL)
#1 D:\\Code\\GIT\\dhcd.vnedutech.vn\\vendor\\laravel\\framework\\src\\Illuminate\\Log\\LogManager.php(103): Illuminate\\Log\\LogManager->get(NULL)
#2 D:\\Code\\GIT\\dhcd.vnedutech.vn\\vendor\\laravel\\framework\\src\\Illuminate\\Log\\LogManager.php(526): Illuminate\\Log\\LogManager->driver()
#3 D:\\Code\\GIT\\dhcd.vnedutech.vn\\vendor\\laravel\\framework\\src\\Illuminate\\Foundation\\Exceptions\\Handler.php(113): Illuminate\\Log\\LogManager->error('There are no co...', Array)
#4 D:\\Code\\GIT\\dhcd.vnedutech.vn\\packages\\adtech\\application\\src\\Cms\\Exceptions\\Handler.php(35): Illuminate\\Foundation\\Exceptions\\Handler->report(Object(Symfony\\Component\\Console\\Exception\\NamespaceNotFoundException))
#5 D:\\Code\\GIT\\dhcd.vnedutech.vn\\vendor\
unomaduro\\collision\\src\\Adapters\\Laravel\\ExceptionHandler.php(60): Adtech\\Application\\Cms\\Exceptions\\Handler->report(Object(Symfony\\Component\\Console\\Exception\\NamespaceNotFoundException))
#6 D:\\Code\\GIT\\dhcd.vnedutech.vn\\vendor\\laravel\\framework\\src\\Illuminate\\Foundation\\Console\\Kernel.php(353): NunoMaduro\\Collision\\Adapters\\Laravel\\ExceptionHandler->report(Object(Symfony\\Component\\Console\\Exception\\NamespaceNotFoundException))
#7 D:\\Code\\GIT\\dhcd.vnedutech.vn\\vendor\\laravel\\framework\\src\\Illuminate\\Foundation\\Console\\Kernel.php(124): Illuminate\\Foundation\\Console\\Kernel->reportException(Object(Symfony\\Component\\Console\\Exception\\NamespaceNotFoundException))
#8 D:\\Code\\GIT\\dhcd.vnedutech.vn\\artisan(35): Illuminate\\Foundation\\Console\\Kernel->handle(Object(Symfony\\Component\\Console\\Input\\ArgvInput), Object(Symfony\\Component\\Console\\Output\\ConsoleOutput))
#9 {main}
"} 
[2018-08-24 10:09:56] laravel.ERROR: There are no commands defined in the "clear" namespace. {"exception":"[object] (Symfony\\Component\\Console\\Exception\\NamespaceNotFoundException(code: 0): There are no commands defined in the \"clear\" namespace. at D:\\Code\\GIT\\dhcd.vnedutech.vn\\vendor\\symfony\\console\\Application.php:578)
[stacktrace]
#0 D:\\Code\\GIT\\dhcd.vnedutech.vn\\vendor\\symfony\\console\\Application.php(618): Symfony\\Component\\Console\\Application->findNamespace('clear')
#1 D:\\Code\\GIT\\dhcd.vnedutech.vn\\vendor\\symfony\\console\\Application.php(226): Symfony\\Component\\Console\\Application->find('clear:cache')
#2 D:\\Code\\GIT\\dhcd.vnedutech.vn\\vendor\\symfony\\console\\Application.php(145): Symfony\\Component\\Console\\Application->doRun(Object(Symfony\\Component\\Console\\Input\\ArgvInput), Object(Symfony\\Component\\Console\\Output\\ConsoleOutput))
#3 D:\\Code\\GIT\\dhcd.vnedutech.vn\\vendor\\laravel\\framework\\src\\Illuminate\\Console\\Application.php(89): Symfony\\Component\\Console\\Application->run(Object(Symfony\\Component\\Console\\Input\\ArgvInput), Object(Symfony\\Component\\Console\\Output\\ConsoleOutput))
#4 D:\\Code\\GIT\\dhcd.vnedutech.vn\\vendor\\laravel\\framework\\src\\Illuminate\\Foundation\\Console\\Kernel.php(122): Illuminate\\Console\\Application->run(Object(Symfony\\Component\\Console\\Input\\ArgvInput), Object(Symfony\\Component\\Console\\Output\\ConsoleOutput))
#5 D:\\Code\\GIT\\dhcd.vnedutech.vn\\artisan(35): Illuminate\\Foundation\\Console\\Kernel->handle(Object(Symfony\\Component\\Console\\Input\\ArgvInput), Object(Symfony\\Component\\Console\\Output\\ConsoleOutput))
#6 {main}
"} 
